#
# There is insufficient memory for the Java Runtime Environment to continue.
# Native memory allocation (malloc) failed to allocate 1027216 bytes for Chunk::new
# Possible reasons:
#   The system is out of physical RAM or swap space
#   The process is running with CompressedOops enabled, and the Java Heap may be blocking the growth of the native heap
# Possible solutions:
#   Reduce memory load on the system
#   Increase physical memory or swap space
#   Check if swap backing store is full
#   Decrease Java heap size (-Xmx/-Xms)
#   Decrease number of Java threads
#   Decrease Java thread stack sizes (-Xss)
#   Set larger code cache with -XX:ReservedCodeCacheSize=
#   JVM is running with Unscaled Compressed Oops mode in which the Java heap is
#     placed in the first 4GB address space. The Java Heap base address is the
#     maximum limit for the native heap growth. Please use -XX:HeapBaseMinAddress
#     to set the Java Heap base and to place the Java Heap above 4GB virtual address.
# This output file may be truncated or incomplete.
#
#  Out of Memory Error (allocation.cpp:389), pid=1540, tid=0x00000000000039e8
#
# JRE version: OpenJDK Runtime Environment (8.0_202-b03) (build 1.8.0_202-release-1483-b03)
# Java VM: OpenJDK 64-Bit Server VM (25.202-b03 mixed mode windows-amd64 compressed oops)
# Failed to write core dump. Minidumps are not enabled by default on client versions of Windows
#

---------------  T H R E A D  ---------------

Current thread (0x00000000181d9000):  JavaThread "C2 CompilerThread2" daemon [_thread_in_native, id=14824, stack(0x0000000019a50000,0x0000000019b50000)]

Stack: [0x0000000019a50000,0x0000000019b50000]
[error occurred during error reporting (printing stack bounds), id 0xc0000005]

Native frames: (J=compiled Java code, j=interpreted, Vv=VM code, C=native code)


Current CompileTask:
C2:   9519 3655   !   4       java.util.jar.Attributes::read (380 bytes)


---------------  P R O C E S S  ---------------

Java Threads: ( => current thread )
  0x000000001b5a0800 JavaThread "Cache worker for Build Output Cleanup Cache (C:\Users\DELL\Desktop\FastBuy\.gradle\buildOutputCleanup)" [_thread_blocked, id=4592, stack(0x0000000024710000,0x0000000024810000)]
  0x000000001b5a3000 JavaThread "pool-1-thread-1" [_thread_blocked, id=17080, stack(0x0000000024410000,0x0000000024510000)]
  0x000000001b5a4800 JavaThread "Build operations Thread 12" [_thread_blocked, id=18924, stack(0x0000000023e10000,0x0000000023f10000)]
  0x000000001b5a7800 JavaThread "Build operations Thread 11" [_thread_blocked, id=26620, stack(0x0000000023d10000,0x0000000023e10000)]
  0x000000001b5a6000 JavaThread "Build operations Thread 10" [_thread_blocked, id=15108, stack(0x0000000023c10000,0x0000000023d10000)]
  0x000000001b5a5000 JavaThread "Build operations Thread 9" [_thread_blocked, id=7708, stack(0x0000000023b10000,0x0000000023c10000)]
  0x000000001b59d000 JavaThread "Build operations Thread 8" [_thread_blocked, id=21644, stack(0x0000000023a10000,0x0000000023b10000)]
  0x000000001b59b800 JavaThread "Build operations Thread 7" [_thread_blocked, id=484, stack(0x0000000023910000,0x0000000023a10000)]
  0x000000001b5a2000 JavaThread "Build operations Thread 6" [_thread_blocked, id=17524, stack(0x0000000023810000,0x0000000023910000)]
  0x000000001b599000 JavaThread "Build operations Thread 5" [_thread_blocked, id=14048, stack(0x00000000235b0000,0x00000000236b0000)]
  0x000000001b59a800 JavaThread "Build operations Thread 4" [_thread_blocked, id=21612, stack(0x00000000234b0000,0x00000000235b0000)]
  0x000000001b5a0000 JavaThread "Build operations Thread 3" [_thread_blocked, id=24612, stack(0x00000000233b0000,0x00000000234b0000)]
  0x000000001b59c000 JavaThread "Build operations Thread 2" [_thread_blocked, id=23908, stack(0x00000000232b0000,0x00000000233b0000)]
  0x000000001b59d800 JavaThread "Build operations" [_thread_blocked, id=10816, stack(0x00000000231b0000,0x00000000232b0000)]
  0x000000001b59f000 JavaThread "Cache worker for execution history cache (C:\Users\DELL\.gradle\caches\5.4.1\executionHistory)" [_thread_blocked, id=25992, stack(0x0000000023710000,0x0000000023810000)]
  0x000000001b59a000 JavaThread "Cache worker for cache directory md-rule (C:\Users\DELL\.gradle\caches\5.4.1\md-rule)" [_thread_blocked, id=12312, stack(0x0000000022eb0000,0x0000000022fb0000)]
  0x000000001b59e800 JavaThread "Cache worker for cache directory md-supplier (C:\Users\DELL\.gradle\caches\5.4.1\md-supplier)" [_thread_blocked, id=28536, stack(0x0000000020320000,0x0000000020420000)]
  0x000000001a636000 JavaThread "Cache worker for file hash cache (C:\Users\DELL\Desktop\FastBuy\.gradle\5.4.1\fileHashes)" [_thread_blocked, id=15748, stack(0x000000001fff0000,0x00000000200f0000)]
  0x000000001a631000 JavaThread "Cache worker for journal cache (C:\Users\DELL\.gradle\caches\journal-1)" [_thread_blocked, id=25160, stack(0x000000001ccd0000,0x000000001cdd0000)]
  0x000000001a635800 JavaThread "File lock request listener" [_thread_in_native, id=8352, stack(0x000000001c9d0000,0x000000001cad0000)]
  0x000000001a631800 JavaThread "Cache worker for file hash cache (C:\Users\DELL\.gradle\caches\5.4.1\fileHashes)" [_thread_blocked, id=19468, stack(0x000000001c8d0000,0x000000001c9d0000)]
  0x000000001a6d1800 JavaThread "Thread-9" [_thread_blocked, id=7548, stack(0x000000001c7d0000,0x000000001c8d0000)]
  0x0000000018221800 JavaThread "Stdin handler" [_thread_blocked, id=7576, stack(0x000000001c6d0000,0x000000001c7d0000)]
  0x0000000018220800 JavaThread "Asynchronous log dispatcher for DefaultDaemonConnection: socket connection from /127.0.0.1:52721 to /127.0.0.1:52722" [_thread_blocked, id=28308, stack(0x000000001c5d0000,0x000000001c6d0000)]
  0x000000001b32d800 JavaThread "Daemon worker" [_thread_in_vm, id=11400, stack(0x000000001c4d0000,0x000000001c5d0000)]
  0x000000001a3d2000 JavaThread "Cancel handler" [_thread_blocked, id=26680, stack(0x000000001c3d0000,0x000000001c4d0000)]
  0x000000001b31a000 JavaThread "Handler for socket connection from /127.0.0.1:52721 to /127.0.0.1:52722" [_thread_in_native, id=23416, stack(0x000000001c0d0000,0x000000001c1d0000)]
  0x000000001b317800 JavaThread "Daemon" [_thread_blocked, id=8188, stack(0x000000001bfd0000,0x000000001c0d0000)]
  0x000000001b2c8000 JavaThread "Daemon periodic checks" [_thread_blocked, id=13156, stack(0x000000001bed0000,0x000000001bfd0000)]
  0x000000001b2ae000 JavaThread "Incoming local TCP Connector on port 52721" [_thread_in_native, id=1648, stack(0x000000001bc60000,0x000000001bd60000)]
  0x000000001b1e1800 JavaThread "Daemon health stats" [_thread_blocked, id=18504, stack(0x000000001b620000,0x000000001b720000)]
  0x0000000018269800 JavaThread "Service Thread" daemon [_thread_blocked, id=23904, stack(0x0000000019c50000,0x0000000019d50000)]
  0x00000000181da000 JavaThread "C1 CompilerThread3" daemon [_thread_in_native, id=10672, stack(0x0000000019b50000,0x0000000019c50000)]
=>0x00000000181d9000 JavaThread "C2 CompilerThread2" daemon [_thread_in_native, id=14824, stack(0x0000000019a50000,0x0000000019b50000)]
  0x00000000181cf800 JavaThread "C2 CompilerThread1" daemon [_thread_blocked, id=24968, stack(0x0000000019950000,0x0000000019a50000)]
  0x00000000181d7800 JavaThread "C2 CompilerThread0" daemon [_thread_blocked, id=4824, stack(0x0000000019850000,0x0000000019950000)]
  0x00000000181d5800 JavaThread "Attach Listener" daemon [_thread_blocked, id=22636, stack(0x0000000019750000,0x0000000019850000)]
  0x00000000181d4800 JavaThread "Signal Dispatcher" daemon [_thread_blocked, id=23480, stack(0x0000000019650000,0x0000000019750000)]
  0x0000000016aed000 JavaThread "Finalizer" daemon [_thread_blocked, id=22600, stack(0x0000000019430000,0x0000000019530000)]
  0x0000000002b28000 JavaThread "Reference Handler" daemon [_thread_blocked, id=27908, stack(0x0000000019330000,0x0000000019430000)]
  0x0000000002a2d800 JavaThread "main" [_thread_blocked, id=24476, stack(0x0000000002870000,0x0000000002970000)]

Other Threads:
  0x00000000181a2800 VMThread [stack: 0x0000000019230000,0x0000000019330000] [id=15824]
  0x00000000181eb800 WatcherThread [stack: 0x0000000019d50000,0x0000000019e50000] [id=19720]

VM state:not at safepoint (normal execution)

VM Mutex/Monitor currently owned by a thread: None

heap address: 0x00000000a0000000, size: 1536 MB, Compressed Oops mode: 32-bit
Narrow klass base: 0x0000000000000000, Narrow klass shift: 3
Compressed class space size: 1073741824 Address: 0x0000000100000000

Heap:
 PSYoungGen      total 152576K, used 66399K [0x00000000e0000000, 0x00000000eaa00000, 0x0000000100000000)
  eden space 131072K, 50% used [0x00000000e0000000,0x00000000e40d7e60,0x00000000e8000000)
  from space 21504K, 0% used [0x00000000e9500000,0x00000000e9500000,0x00000000eaa00000)
  to   space 21504K, 0% used [0x00000000e8000000,0x00000000e8000000,0x00000000e9500000)
 ParOldGen       total 232960K, used 17799K [0x00000000a0000000, 0x00000000ae380000, 0x00000000e0000000)
  object space 232960K, 7% used [0x00000000a0000000,0x00000000a1161e90,0x00000000ae380000)
 Metaspace       used 42616K, capacity 43662K, committed 44072K, reserved 1087488K
  class space    used 5766K, capacity 6063K, committed 6184K, reserved 1048576K

Card table byte_map: [0x0000000011ef0000,0x0000000012200000] byte_map_base: 0x00000000119f0000

Marking Bits: (ParMarkBitMap*) 0x0000000056eb9f30
 Begin Bits: [0x0000000012e00000, 0x0000000014600000)
 End Bits:   [0x0000000014600000, 0x0000000015e00000)

Polling page: 0x0000000000fd0000

CodeCache: size=245760Kb used=11590Kb max_used=11639Kb free=234169Kb
 bounds [0x0000000002b30000, 0x00000000036a0000, 0x0000000011b30000]
 total_blobs=4166 nmethods=3424 adapters=655
 compilation: enabled

Compilation events (10 events):
Event: 9.484 Thread 0x00000000181d7800 3705       4       sun.security.provider.SHA2::lf_sigma0 (20 bytes)
Event: 9.484 Thread 0x00000000181cf800 nmethod 3703 0x0000000002ce0e50 code [0x0000000002ce0f80, 0x0000000002ce0fd8]
Event: 9.484 Thread 0x00000000181cf800 3706       4       sun.security.provider.SHA2::lf_delta1 (21 bytes)
Event: 9.484 Thread 0x00000000181d7800 nmethod 3705 0x00000000036945d0 code [0x0000000003694700, 0x0000000003694758]
Event: 9.484 Thread 0x00000000181d7800 3707       4       sun.security.provider.SHA2::lf_delta0 (20 bytes)
Event: 9.484 Thread 0x00000000181cf800 nmethod 3706 0x00000000036943d0 code [0x0000000003694500, 0x0000000003694558]
Event: 9.484 Thread 0x00000000181d7800 nmethod 3707 0x0000000002f47510 code [0x0000000002f47640, 0x0000000002f47698]
Event: 9.484 Thread 0x00000000181da000 nmethod 3704 0x0000000002f04150 code [0x0000000002f043a0, 0x0000000002f05188]
Event: 9.485 Thread 0x00000000181cf800 3708 %     4       sun.security.provider.SHA2::implCompress @ 142 (331 bytes)
Event: 9.491 Thread 0x00000000181cf800 nmethod 3708% 0x0000000002f46890 code [0x0000000002f469e0, 0x0000000002f47278]

GC Heap History (10 events):
Event: 6.566 GC heap before
{Heap before GC invocations=2 (full 0):
 PSYoungGen      total 152576K, used 93201K [0x00000000e0000000, 0x00000000eaa00000, 0x0000000100000000)
  eden space 131072K, 62% used [0x00000000e0000000,0x00000000e4fd7c58,0x00000000e8000000)
  from space 21504K, 53% used [0x00000000e8000000,0x00000000e8b2ca20,0x00000000e9500000)
  to   space 21504K, 0% used [0x00000000e9500000,0x00000000e9500000,0x00000000eaa00000)
 ParOldGen       total 348160K, used 16K [0x00000000a0000000, 0x00000000b5400000, 0x00000000e0000000)
  object space 348160K, 0% used [0x00000000a0000000,0x00000000a0004000,0x00000000b5400000)
 Metaspace       used 20695K, capacity 21154K, committed 21296K, reserved 1067008K
  class space    used 2956K, capacity 3123K, committed 3200K, reserved 1048576K
Event: 6.573 GC heap after
Heap after GC invocations=2 (full 0):
 PSYoungGen      total 152576K, used 13682K [0x00000000e0000000, 0x00000000eaa00000, 0x0000000100000000)
  eden space 131072K, 0% used [0x00000000e0000000,0x00000000e0000000,0x00000000e8000000)
  from space 21504K, 63% used [0x00000000e9500000,0x00000000ea25ca68,0x00000000eaa00000)
  to   space 21504K, 0% used [0x00000000e8000000,0x00000000e8000000,0x00000000e9500000)
 ParOldGen       total 348160K, used 24K [0x00000000a0000000, 0x00000000b5400000, 0x00000000e0000000)
  object space 348160K, 0% used [0x00000000a0000000,0x00000000a0006000,0x00000000b5400000)
 Metaspace       used 20695K, capacity 21154K, committed 21296K, reserved 1067008K
  class space    used 2956K, capacity 3123K, committed 3200K, reserved 1048576K
}
Event: 6.573 GC heap before
{Heap before GC invocations=3 (full 1):
 PSYoungGen      total 152576K, used 13682K [0x00000000e0000000, 0x00000000eaa00000, 0x0000000100000000)
  eden space 131072K, 0% used [0x00000000e0000000,0x00000000e0000000,0x00000000e8000000)
  from space 21504K, 63% used [0x00000000e9500000,0x00000000ea25ca68,0x00000000eaa00000)
  to   space 21504K, 0% used [0x00000000e8000000,0x00000000e8000000,0x00000000e9500000)
 ParOldGen       total 348160K, used 24K [0x00000000a0000000, 0x00000000b5400000, 0x00000000e0000000)
  object space 348160K, 0% used [0x00000000a0000000,0x00000000a0006000,0x00000000b5400000)
 Metaspace       used 20695K, capacity 21154K, committed 21296K, reserved 1067008K
  class space    used 2956K, capacity 3123K, committed 3200K, reserved 1048576K
Event: 6.597 GC heap after
Heap after GC invocations=3 (full 1):
 PSYoungGen      total 152576K, used 0K [0x00000000e0000000, 0x00000000eaa00000, 0x0000000100000000)
  eden space 131072K, 0% used [0x00000000e0000000,0x00000000e0000000,0x00000000e8000000)
  from space 21504K, 0% used [0x00000000e9500000,0x00000000e9500000,0x00000000eaa00000)
  to   space 21504K, 0% used [0x00000000e8000000,0x00000000e8000000,0x00000000e9500000)
 ParOldGen       total 144384K, used 13123K [0x00000000a0000000, 0x00000000a8d00000, 0x00000000e0000000)
  object space 144384K, 9% used [0x00000000a0000000,0x00000000a0cd0f00,0x00000000a8d00000)
 Metaspace       used 20695K, capacity 21154K, committed 21296K, reserved 1067008K
  class space    used 2956K, capacity 3123K, committed 3200K, reserved 1048576K
}
Event: 7.766 GC heap before
{Heap before GC invocations=4 (full 1):
 PSYoungGen      total 152576K, used 131072K [0x00000000e0000000, 0x00000000eaa00000, 0x0000000100000000)
  eden space 131072K, 100% used [0x00000000e0000000,0x00000000e8000000,0x00000000e8000000)
  from space 21504K, 0% used [0x00000000e9500000,0x00000000e9500000,0x00000000eaa00000)
  to   space 21504K, 0% used [0x00000000e8000000,0x00000000e8000000,0x00000000e9500000)
 ParOldGen       total 144384K, used 13123K [0x00000000a0000000, 0x00000000a8d00000, 0x00000000e0000000)
  object space 144384K, 9% used [0x00000000a0000000,0x00000000a0cd0f00,0x00000000a8d00000)
 Metaspace       used 31934K, capacity 32666K, committed 32896K, reserved 1077248K
  class space    used 4408K, capacity 4624K, committed 4736K, reserved 1048576K
Event: 7.773 GC heap after
Heap after GC invocations=4 (full 1):
 PSYoungGen      total 152576K, used 13147K [0x00000000e0000000, 0x00000000eaa00000, 0x0000000100000000)
  eden space 131072K, 0% used [0x00000000e0000000,0x00000000e0000000,0x00000000e8000000)
  from space 21504K, 61% used [0x00000000e8000000,0x00000000e8cd6f68,0x00000000e9500000)
  to   space 21504K, 0% used [0x00000000e9500000,0x00000000e9500000,0x00000000eaa00000)
 ParOldGen       total 144384K, used 13131K [0x00000000a0000000, 0x00000000a8d00000, 0x00000000e0000000)
  object space 144384K, 9% used [0x00000000a0000000,0x00000000a0cd2f00,0x00000000a8d00000)
 Metaspace       used 31934K, capacity 32666K, committed 32896K, reserved 1077248K
  class space    used 4408K, capacity 4624K, committed 4736K, reserved 1048576K
}
Event: 8.425 GC heap before
{Heap before GC invocations=5 (full 1):
 PSYoungGen      total 152576K, used 66760K [0x00000000e0000000, 0x00000000eaa00000, 0x0000000100000000)
  eden space 131072K, 40% used [0x00000000e0000000,0x00000000e345b268,0x00000000e8000000)
  from space 21504K, 61% used [0x00000000e8000000,0x00000000e8cd6f68,0x00000000e9500000)
  to   space 21504K, 0% used [0x00000000e9500000,0x00000000e9500000,0x00000000eaa00000)
 ParOldGen       total 144384K, used 13131K [0x00000000a0000000, 0x00000000a8d00000, 0x00000000e0000000)
  object space 144384K, 9% used [0x00000000a0000000,0x00000000a0cd2f00,0x00000000a8d00000)
 Metaspace       used 34449K, capacity 35434K, committed 35496K, reserved 1079296K
  class space    used 4755K, capacity 5012K, committed 5032K, reserved 1048576K
Event: 8.429 GC heap after
Heap after GC invocations=5 (full 1):
 PSYoungGen      total 152576K, used 10481K [0x00000000e0000000, 0x00000000eaa00000, 0x0000000100000000)
  eden space 131072K, 0% used [0x00000000e0000000,0x00000000e0000000,0x00000000e8000000)
  from space 21504K, 48% used [0x00000000e9500000,0x00000000e9f3c750,0x00000000eaa00000)
  to   space 21504K, 0% used [0x00000000e8000000,0x00000000e8000000,0x00000000e9500000)
 ParOldGen       total 144384K, used 13139K [0x00000000a0000000, 0x00000000a8d00000, 0x00000000e0000000)
  object space 144384K, 9% used [0x00000000a0000000,0x00000000a0cd4f00,0x00000000a8d00000)
 Metaspace       used 34449K, capacity 35434K, committed 35496K, reserved 1079296K
  class space    used 4755K, capacity 5012K, committed 5032K, reserved 1048576K
}
Event: 8.429 GC heap before
{Heap before GC invocations=6 (full 2):
 PSYoungGen      total 152576K, used 10481K [0x00000000e0000000, 0x00000000eaa00000, 0x0000000100000000)
  eden space 131072K, 0% used [0x00000000e0000000,0x00000000e0000000,0x00000000e8000000)
  from space 21504K, 48% used [0x00000000e9500000,0x00000000e9f3c750,0x00000000eaa00000)
  to   space 21504K, 0% used [0x00000000e8000000,0x00000000e8000000,0x00000000e9500000)
 ParOldGen       total 144384K, used 13139K [0x00000000a0000000, 0x00000000a8d00000, 0x00000000e0000000)
  object space 144384K, 9% used [0x00000000a0000000,0x00000000a0cd4f00,0x00000000a8d00000)
 Metaspace       used 34449K, capacity 35434K, committed 35496K, reserved 1079296K
  class space    used 4755K, capacity 5012K, committed 5032K, reserved 1048576K
Event: 8.458 GC heap after
Heap after GC invocations=6 (full 2):
 PSYoungGen      total 152576K, used 0K [0x00000000e0000000, 0x00000000eaa00000, 0x0000000100000000)
  eden space 131072K, 0% used [0x00000000e0000000,0x00000000e0000000,0x00000000e8000000)
  from space 21504K, 0% used [0x00000000e9500000,0x00000000e9500000,0x00000000eaa00000)
  to   space 21504K, 0% used [0x00000000e8000000,0x00000000e8000000,0x00000000e9500000)
 ParOldGen       total 232960K, used 17799K [0x00000000a0000000, 0x00000000ae380000, 0x00000000e0000000)
  object space 232960K, 7% used [0x00000000a0000000,0x00000000a1161e90,0x00000000ae380000)
 Metaspace       used 34397K, capacity 35254K, committed 35496K, reserved 1079296K
  class space    used 4739K, capacity 4982K, committed 5032K, reserved 1048576K
}

Deoptimization events (10 events):
Event: 8.626 Thread 0x000000001b32d800 Uncommon trap: reason=unstable_if action=reinterpret pc=0x0000000002fa8550 method=java.util.regex.Pattern.has(I)Z @ 6
Event: 8.797 Thread 0x000000001b32d800 Uncommon trap: reason=predicate action=maybe_recompile pc=0x0000000003523e90 method=java.util.Arrays.binarySearch0([Ljava/lang/Object;IILjava/lang/Object;Ljava/util/Comparator;)I @ 28
Event: 8.845 Thread 0x000000001b32d800 Uncommon trap: reason=unstable_if action=reinterpret pc=0x0000000003422330 method=java.security.CodeSource.hashCode()I @ 4
Event: 8.845 Thread 0x000000001b32d800 Uncommon trap: reason=unstable_if action=reinterpret pc=0x00000000030a1a8c method=java.security.CodeSource.hashCode()I @ 4
Event: 8.854 Thread 0x000000001b32d800 Uncommon trap: reason=unstable_if action=reinterpret pc=0x00000000035c8808 method=jdk.internal.org.objectweb.asm.Type.getArgumentsAndReturnSizes(Ljava/lang/String;)I @ 47
Event: 9.392 Thread 0x000000001b32d800 Uncommon trap: reason=unstable_if action=reinterpret pc=0x00000000033dcc48 method=java.util.jar.JarFile.maybeInstantiateVerifier()V @ 75
Event: 9.392 Thread 0x000000001b32d800 Uncommon trap: reason=unstable_if action=reinterpret pc=0x0000000002c45a8c method=java.util.jar.Attributes$Name.isDigit(C)Z @ 3
Event: 9.398 Thread 0x000000001b32d800 Uncommon trap: reason=unstable_if action=reinterpret pc=0x0000000003558518 method=java.lang.ThreadLocal.get()Ljava/lang/Object; @ 11
Event: 9.427 Thread 0x000000001b32d800 Uncommon trap: reason=unstable_if action=reinterpret pc=0x0000000003337ee4 method=java.util.HashMap.putVal(ILjava/lang/Object;Ljava/lang/Object;ZZ)Ljava/lang/Object; @ 236
Event: 9.459 Thread 0x000000001b32d800 Uncommon trap: reason=unstable_if action=reinterpret pc=0x0000000002fee87c method=java.lang.CharacterDataLatin1.isWhitespace(I)Z @ 14

Classes redefined (0 events):
No events

Internal exceptions (10 events):
Event: 8.481 Thread 0x000000001b32d800 Exception <a 'java/lang/ClassNotFoundException': org/gradle/api/tasks/DeleteCustomizer> (0x00000000e057f4c0) thrown at [D:\src\AOSP-openjdk-cygwin\jdk8u\hotspot\src\share\vm\classfile\systemDictionary.cpp, line 210]
Event: 8.482 Thread 0x000000001b32d800 Exception <a 'java/lang/ClassNotFoundException': org/gradle/api/tasks/Delete_DecoratedCustomizer> (0x00000000e05c8200) thrown at [D:\src\AOSP-openjdk-cygwin\jdk8u\hotspot\src\share\vm\classfile\systemDictionary.cpp, line 210]
Event: 8.502 Thread 0x000000001b32d800 Exception <a 'java/lang/ClassNotFoundException': build_9350hpeobq0xcfiam4vhagz9oBeanInfo> (0x00000000e06c0198) thrown at [D:\src\AOSP-openjdk-cygwin\jdk8u\hotspot\src\share\vm\classfile\systemDictionary.cpp, line 210]
Event: 8.502 Thread 0x000000001b32d800 Exception <a 'java/lang/ClassNotFoundException': build_9350hpeobq0xcfiam4vhagz9oCustomizer> (0x00000000e06cbd60) thrown at [D:\src\AOSP-openjdk-cygwin\jdk8u\hotspot\src\share\vm\classfile\systemDictionary.cpp, line 210]
Event: 8.505 Thread 0x000000001b32d800 Exception <a 'java/lang/ClassNotFoundException': org/gradle/api/internal/plugins/DefaultObjectConfigurationActionBeanInfo> (0x00000000e073b358) thrown at [D:\src\AOSP-openjdk-cygwin\jdk8u\hotspot\src\share\vm\classfile\systemDictionary.cpp, line 210]
Event: 8.506 Thread 0x000000001b32d800 Exception <a 'java/lang/ClassNotFoundException': org/gradle/api/internal/plugins/DefaultObjectConfigurationActionCustomizer> (0x00000000e0778918) thrown at [D:\src\AOSP-openjdk-cygwin\jdk8u\hotspot\src\share\vm\classfile\systemDictionary.cpp, line 210]
Event: 8.845 Thread 0x000000001b32d800 Implicit null exception at 0x000000000342062c to 0x00000000034222d9
Event: 8.845 Thread 0x000000001b32d800 Implicit null exception at 0x00000000030a1795 to 0x00000000030a1a7d
Event: 8.949 Thread 0x000000001b32d800 Exception <a 'sun/nio/fs/WindowsException'> (0x00000000e192fa00) thrown at [D:\src\AOSP-openjdk-cygwin\jdk8u\hotspot\src\share\vm\prims\jni.cpp, line 710]
Event: 9.398 Thread 0x000000001b32d800 Implicit null exception at 0x0000000003557fe8 to 0x0000000003558501

Events (10 events):
Event: 9.488 loading class java/util/Base64 done
Event: 9.488 loading class java/util/Base64$Decoder
Event: 9.489 loading class java/util/Base64$Decoder done
Event: 9.489 loading class java/util/Base64$Encoder
Event: 9.489 loading class java/util/Base64$Encoder done
Event: 9.489 loading class sun/nio/cs/ISO_8859_1$Encoder
Event: 9.490 loading class sun/nio/cs/ISO_8859_1$Encoder done
Event: 9.490 loading class sun/nio/cs/Surrogate$Parser
Event: 9.518 loading class sun/nio/cs/Surrogate$Parser done
Event: 9.518 loading class sun/nio/cs/Surrogate


Dynamic libraries:
0x00007ff736280000 - 0x00007ff7362b1000 	D:\Android Studio\jre\bin\java.exe
0x00007ffe71a80000 - 0x00007ffe71c70000 	C:\WINDOWS\SYSTEM32\ntdll.dll
0x00007ffe71770000 - 0x00007ffe71822000 	C:\WINDOWS\System32\KERNEL32.DLL
0x00007ffe6f260000 - 0x00007ffe6f503000 	C:\WINDOWS\System32\KERNELBASE.dll
0x00007ffe71130000 - 0x00007ffe711d3000 	C:\WINDOWS\System32\ADVAPI32.dll
0x00007ffe71960000 - 0x00007ffe719fe000 	C:\WINDOWS\System32\msvcrt.dll
0x00007ffe70c70000 - 0x00007ffe70d07000 	C:\WINDOWS\System32\sechost.dll
0x00007ffe70d10000 - 0x00007ffe70e30000 	C:\WINDOWS\System32\RPCRT4.dll
0x00007ffe70f10000 - 0x00007ffe710a4000 	C:\WINDOWS\System32\USER32.dll
0x00007ffe6f960000 - 0x00007ffe6f981000 	C:\WINDOWS\System32\win32u.dll
0x00007ffe70bb0000 - 0x00007ffe70bd6000 	C:\WINDOWS\System32\GDI32.dll
0x00007ffe6f990000 - 0x00007ffe6fb24000 	C:\WINDOWS\System32\gdi32full.dll
0x00007ffe6ea10000 - 0x00007ffe6eaae000 	C:\WINDOWS\System32\msvcp_win.dll
0x00007ffe6f510000 - 0x00007ffe6f60a000 	C:\WINDOWS\System32\ucrtbase.dll
0x00007ffe598e0000 - 0x00007ffe59b65000 	C:\WINDOWS\WinSxS\amd64_microsoft.windows.common-controls_6595b64144ccf1df_6.0.18362.778_none_e6c6b761130d4fb8\COMCTL32.dll
0x00007ffe71290000 - 0x00007ffe715c6000 	C:\WINDOWS\System32\combase.dll
0x00007ffe6f660000 - 0x00007ffe6f6e0000 	C:\WINDOWS\System32\bcryptPrimitives.dll
0x00007ffe71a10000 - 0x00007ffe71a3e000 	C:\WINDOWS\System32\IMM32.DLL
0x0000000056530000 - 0x0000000056602000 	D:\Android Studio\jre\jre\bin\msvcr100.dll
0x00000000566f0000 - 0x0000000056f36000 	D:\Android Studio\jre\jre\bin\server\jvm.dll
0x00007ffe71a00000 - 0x00007ffe71a08000 	C:\WINDOWS\System32\PSAPI.DLL
0x00007ffe59b80000 - 0x00007ffe59b89000 	C:\WINDOWS\SYSTEM32\WSOCK32.dll
0x00007ffe70be0000 - 0x00007ffe70c4f000 	C:\WINDOWS\System32\WS2_32.dll
0x00007ffe67ca0000 - 0x00007ffe67caa000 	C:\WINDOWS\SYSTEM32\VERSION.dll
0x00007ffe5e540000 - 0x00007ffe5e564000 	C:\WINDOWS\SYSTEM32\WINMM.dll
0x00007ffe5fdb0000 - 0x00007ffe5fddd000 	C:\WINDOWS\SYSTEM32\WINMMBASE.dll
0x00007ffe6f610000 - 0x00007ffe6f65a000 	C:\WINDOWS\System32\cfgmgr32.dll
0x00007ffe67410000 - 0x00007ffe6741f000 	D:\Android Studio\jre\jre\bin\verify.dll
0x00007ffe62810000 - 0x00007ffe62839000 	D:\Android Studio\jre\jre\bin\java.dll
0x00007ffe637c0000 - 0x00007ffe637d6000 	D:\Android Studio\jre\jre\bin\zip.dll
0x00007ffe6fdd0000 - 0x00007ffe704b5000 	C:\WINDOWS\System32\SHELL32.dll
0x00007ffe711e0000 - 0x00007ffe71289000 	C:\WINDOWS\System32\shcore.dll
0x00007ffe6eae0000 - 0x00007ffe6f260000 	C:\WINDOWS\System32\windows.storage.dll
0x00007ffe6e9c0000 - 0x00007ffe6e9e3000 	C:\WINDOWS\System32\profapi.dll
0x00007ffe6e950000 - 0x00007ffe6e99a000 	C:\WINDOWS\System32\powrprof.dll
0x00007ffe6e940000 - 0x00007ffe6e950000 	C:\WINDOWS\System32\UMPDC.dll
0x00007ffe704d0000 - 0x00007ffe70522000 	C:\WINDOWS\System32\shlwapi.dll
0x00007ffe6e9a0000 - 0x00007ffe6e9b1000 	C:\WINDOWS\System32\kernel.appcore.dll
0x00007ffe6f6e0000 - 0x00007ffe6f6f7000 	C:\WINDOWS\System32\cryptsp.dll
0x00007ffe609e0000 - 0x00007ffe609fa000 	D:\Android Studio\jre\jre\bin\net.dll
0x00007ffe6e1b0000 - 0x00007ffe6e217000 	C:\WINDOWS\system32\mswsock.dll
0x00007ffe5f670000 - 0x00007ffe5f681000 	D:\Android Studio\jre\jre\bin\nio.dll
0x00007ffe52740000 - 0x00007ffe52766000 	C:\Users\DELL\.gradle\native\29\windows-amd64\native-platform.dll
0x00007ffe64ad0000 - 0x00007ffe64add000 	D:\Android Studio\jre\jre\bin\management.dll
0x00007ffe6dd20000 - 0x00007ffe6dd53000 	C:\WINDOWS\system32\rsaenh.dll
0x00007ffe6eab0000 - 0x00007ffe6ead6000 	C:\WINDOWS\System32\bcrypt.dll
0x00007ffe6e830000 - 0x00007ffe6e855000 	C:\WINDOWS\SYSTEM32\USERENV.dll
0x00007ffe6e380000 - 0x00007ffe6e38c000 	C:\WINDOWS\SYSTEM32\CRYPTBASE.dll
0x00007ffe6dec0000 - 0x00007ffe6defa000 	C:\WINDOWS\SYSTEM32\IPHLPAPI.DLL
0x00007ffe704c0000 - 0x00007ffe704c8000 	C:\WINDOWS\System32\NSI.dll
0x00007ffe674c0000 - 0x00007ffe674d6000 	C:\WINDOWS\SYSTEM32\dhcpcsvc6.DLL
0x00007ffe68040000 - 0x00007ffe6805c000 	C:\WINDOWS\SYSTEM32\dhcpcsvc.DLL
0x00007ffe6df00000 - 0x00007ffe6dfca000 	C:\WINDOWS\SYSTEM32\DNSAPI.dll

VM Arguments:
jvm_args: -Xmx1536m -Dfile.encoding=windows-1252 -Duser.country=PE -Duser.language=es -Duser.variant 
java_command: org.gradle.launcher.daemon.bootstrap.GradleDaemon 5.4.1
java_class_path (initial): C:\Users\DELL\.gradle\wrapper\dists\gradle-5.4.1-all\3221gyojl5jsh0helicew7rwx\gradle-5.4.1\lib\gradle-launcher-5.4.1.jar
Launcher Type: SUN_STANDARD

Environment Variables:
PATH=C:\Python27\;C:\Python27\Scripts;C:\ProgramData\Oracle\Java\javapath;C:\Program Files (x86)\Common Files\Oracle\Java\javapath;C:\Windows\system32;C:\Windows;C:\Windows\System32\Wbem;C:\Windows\System32\WindowsPowerShell\v1.0\;C:\Windows\System32\OpenSSH\;C:\Program Files (x86)\NVIDIA Corporation\PhysX\Common;C:\Program Files\Intel\WiFi\bin\;C:\Program Files\Common Files\Intel\WirelessCommon\;C:\WINDOWS\system32;C:\WINDOWS;C:\WINDOWS\System32\Wbem;C:\WINDOWS\System32\WindowsPowerShell\v1.0\;C:\WINDOWS\System32\OpenSSH\;C:\Program Files\NVIDIA Corporation\NVIDIA NvDLISR;C:\Program Files (x86)\Intel\Intel(R) Management Engine Components\DAL;C:\Program Files\Intel\Intel(R) Management Engine Components\DAL;C:\Program Files\nodejs\;C:\ProgramData\chocolatey\bin;C:\Users\DELL\AppData\Local\Microsoft\WindowsApps;;C:\Users\DELL\AppData\Local\Programs\Microsoft VS Code\bin;C:\Users\DELL\AppData\Roaming\npm
USERNAME=DELL
OS=Windows_NT
PROCESSOR_IDENTIFIER=Intel64 Family 6 Model 158 Stepping 10, GenuineIntel



---------------  S Y S T E M  ---------------

OS: Windows 10.0 , 64 bit Build 18362 (10.0.18362.778)

CPU:total 12 (initial active 12) (6 cores per cpu, 2 threads per core) family 6 model 158 stepping 10, cmov, cx8, fxsr, mmx, sse, sse2, sse3, ssse3, sse4.1, sse4.2, popcnt, avx, avx2, aes, clmul, erms, 3dnowpref, lzcnt, ht, tsc, tscinvbit, bmi1, bmi2, adx

Memory: 4k page, physical 33410628k(1990848k free), swap 60628672k(3304k free)

vm_info: OpenJDK 64-Bit Server VM (25.202-b03) for windows-amd64 JRE (1.8.0_202-release-1483-b03), built by "builder" with MS VC++ 10.0 (VS2010)

time: Sun Apr 19 09:16:24 2020
timezone: Hora est. Pacífico, Sudamérica
elapsed time: 9 seconds (0d 0h 0m 9s)

